# JRE version: Java(TM) SE Runtime Environment (8.0_05-b13) (build 1.8.0_05-b13)
# Java VM: Java HotSpot(TM) 64-Bit Server VM (25.5-b02 mixed mode windows-amd64 compressed oops)
Heap:
 PSYoungGen      total 12288K, used 8027K [0x00000000eb400000, 0x00000000ec380000, 0x0000000100000000)
  eden space 10240K, 58% used [0x00000000eb400000,0x00000000eb9da320,0x00000000ebe00000)
  from space 2048K, 99% used [0x00000000ec080000,0x00000000ec27ca80,0x00000000ec280000)
  to   space 2560K, 0% used [0x00000000ebe00000,0x00000000ebe00000,0x00000000ec080000)
 ParOldGen       total 64000K, used 2703K [0x00000000c1c00000, 0x00000000c5a80000, 0x00000000eb400000)
  object space 64000K, 4% used [0x00000000c1c00000,0x00000000c1ea3f40,0x00000000c5a80000)
 Metaspace       used 17121K, capacity 17332K, committed 17536K, reserved 1064960K
  class space    used 2531K, capacity 2633K, committed 2688K, reserved 1048576K
GC Heap History (10 events):
Event: 0.327 GC heap before
{Heap before GC invocations=6 (full 0):
 PSYoungGen      total 2560K, used 2528K [0x00000000eb400000, 0x00000000eba00000, 0x0000000100000000)
  eden space 2048K, 100% used [0x00000000eb400000,0x00000000eb600000,0x00000000eb600000)
  from space 512K, 93% used [0x00000000eb600000,0x00000000eb678010,0x00000000eb680000)
  to   space 1024K, 0% used [0x00000000eb900000,0x00000000eb900000,0x00000000eba00000)
 ParOldGen       total 64000K, used 851K [0x00000000c1c00000, 0x00000000c5a80000, 0x00000000eb400000)
  object space 64000K, 1% used [0x00000000c1c00000,0x00000000c1cd4ea0,0x00000000c5a80000)
 Metaspace       used 5925K, capacity 7038K, committed 7168K, reserved 1056768K
  class space    used 715K, capacity 746K, committed 768K, reserved 1048576K
Event: 0.328 GC heap after
Heap after GC invocations=6 (full 0):
 PSYoungGen      total 4608K, used 912K [0x00000000eb400000, 0x00000000ebb00000, 0x0000000100000000)
  eden space 3584K, 0% used [0x00000000eb400000,0x00000000eb400000,0x00000000eb780000)
  from space 1024K, 89% used [0x00000000eb900000,0x00000000eb9e4020,0x00000000eba00000)
  to   space 1536K, 0% used [0x00000000eb780000,0x00000000eb780000,0x00000000eb900000)
 ParOldGen       total 64000K, used 851K [0x00000000c1c00000, 0x00000000c5a80000, 0x00000000eb400000)
  object space 64000K, 1% used [0x00000000c1c00000,0x00000000c1cd4ea0,0x00000000c5a80000)
 Metaspace       used 5925K, capacity 7038K, committed 7168K, reserved 1056768K
  class space    used 715K, capacity 746K, committed 768K, reserved 1048576K
}
Event: 0.459 GC heap before
{Heap before GC invocations=7 (full 0):
 PSYoungGen      total 4608K, used 4481K [0x00000000eb400000, 0x00000000ebb00000, 0x0000000100000000)
  eden space 3584K, 99% used [0x00000000eb400000,0x00000000eb77c790,0x00000000eb780000)
  from space 1024K, 89% used [0x00000000eb900000,0x00000000eb9e4020,0x00000000eba00000)
  to   space 1536K, 0% used [0x00000000eb780000,0x00000000eb780000,0x00000000eb900000)
 ParOldGen       total 64000K, used 851K [0x00000000c1c00000, 0x00000000c5a80000, 0x00000000eb400000)
  object space 64000K, 1% used [0x00000000c1c00000,0x00000000c1cd4ea0,0x00000000c5a80000)
 Metaspace       used 7611K, capacity 8170K, committed 8320K, reserved 1056768K
  class space    used 1022K, capacity 1042K, committed 1152K, reserved 1048576K
Event: 0.461 GC heap after
Heap after GC invocations=7 (full 0):
 PSYoungGen      total 5120K, used 1283K [0x00000000eb400000, 0x00000000ebe00000, 0x0000000100000000)
  eden space 3584K, 0% used [0x00000000eb400000,0x00000000eb400000,0x00000000eb780000)
  from space 1536K, 83% used [0x00000000eb780000,0x00000000eb8c0dc0,0x00000000eb900000)
  to   space 1536K, 0% used [0x00000000ebc80000,0x00000000ebc80000,0x00000000ebe00000)
 ParOldGen       total 64000K, used 1115K [0x00000000c1c00000, 0x00000000c5a80000, 0x00000000eb400000)
  object space 64000K, 1% used [0x00000000c1c00000,0x00000000c1d16ef0,0x00000000c5a80000)
 Metaspace       used 7611K, capacity 8170K, committed 8320K, reserved 1056768K
  class space    used 1022K, capacity 1042K, committed 1152K, reserved 1048576K
}
Event: 0.559 GC heap before
{Heap before GC invocations=8 (full 0):
 PSYoungGen      total 5120K, used 4867K [0x00000000eb400000, 0x00000000ebe00000, 0x0000000100000000)
  eden space 3584K, 100% used [0x00000000eb400000,0x00000000eb780000,0x00000000eb780000)
  from space 1536K, 83% used [0x00000000eb780000,0x00000000eb8c0dc0,0x00000000eb900000)
  to   space 1536K, 0% used [0x00000000ebc80000,0x00000000ebc80000,0x00000000ebe00000)
 ParOldGen       total 64000K, used 1115K [0x00000000c1c00000, 0x00000000c5a80000, 0x00000000eb400000)
  object space 64000K, 1% used [0x00000000c1c00000,0x00000000c1d16ef0,0x00000000c5a80000)
 Metaspace       used 9599K, capacity 9810K, committed 9856K, reserved 1058816K
  class space    used 1344K, capacity 1407K, committed 1408K, reserved 1048576K
Event: 0.562 GC heap after
Heap after GC invocations=8 (full 0):
 PSYoungGen      total 8192K, used 1504K [0x00000000eb400000, 0x00000000ebf00000, 0x0000000100000000)
  eden space 6656K, 0% used [0x00000000eb400000,0x00000000eb400000,0x00000000eba80000)
  from space 1536K, 97% used [0x00000000ebc80000,0x00000000ebdf8010,0x00000000ebe00000)
  to   space 2048K, 0% used [0x00000000eba80000,0x00000000eba80000,0x00000000ebc80000)
 ParOldGen       total 64000K, used 1243K [0x00000000c1c00000, 0x00000000c5a80000, 0x00000000eb400000)
  object space 64000K, 1% used [0x00000000c1c00000,0x00000000c1d36ef0,0x00000000c5a80000)
 Metaspace       used 9599K, capacity 9810K, committed 9856K, reserved 1058816K
  class space    used 1344K, capacity 1407K, committed 1408K, reserved 1048576K
}
Event: 0.764 GC heap before
{Heap before GC invocations=9 (full 0):
 PSYoungGen      total 8192K, used 8160K [0x00000000eb400000, 0x00000000ebf00000, 0x0000000100000000)
  eden space 6656K, 100% used [0x00000000eb400000,0x00000000eba80000,0x00000000eba80000)
  from space 1536K, 97% used [0x00000000ebc80000,0x00000000ebdf8010,0x00000000ebe00000)
  to   space 2048K, 0% used [0x00000000eba80000,0x00000000eba80000,0x00000000ebc80000)
 ParOldGen       total 64000K, used 1243K [0x00000000c1c00000, 0x00000000c5a80000, 0x00000000eb400000)
  object space 64000K, 1% used [0x00000000c1c00000,0x00000000c1d36ef0,0x00000000c5a80000)
 Metaspace       used 12463K, capacity 12690K, committed 12800K, reserved 1060864K
  class space    used 1911K, capacity 1983K, committed 2048K, reserved 1048576K
Event: 0.767 GC heap after
Heap after GC invocations=9 (full 0):
 PSYoungGen      total 8704K, used 1584K [0x00000000eb400000, 0x00000000ec280000, 0x0000000100000000)
  eden space 6656K, 0% used [0x00000000eb400000,0x00000000eb400000,0x00000000eba80000)
  from space 2048K, 77% used [0x00000000eba80000,0x00000000ebc0c010,0x00000000ebc80000)
  to   space 2048K, 0% used [0x00000000ec080000,0x00000000ec080000,0x00000000ec280000)
 ParOldGen       total 64000K, used 1635K [0x00000000c1c00000, 0x00000000c5a80000, 0x00000000eb400000)
  object space 64000K, 2% used [0x00000000c1c00000,0x00000000c1d98f00,0x00000000c5a80000)
 Metaspace       used 12463K, capacity 12690K, committed 12800K, reserved 1060864K
  class space    used 1911K, capacity 1983K, committed 2048K, reserved 1048576K
}
Event: 1.042 GC heap before
{Heap before GC invocations=10 (full 0):
 PSYoungGen      total 8704K, used 8240K [0x00000000eb400000, 0x00000000ec280000, 0x0000000100000000)
  eden space 6656K, 100% used [0x00000000eb400000,0x00000000eba80000,0x00000000eba80000)
  from space 2048K, 77% used [0x00000000eba80000,0x00000000ebc0c010,0x00000000ebc80000)
  to   space 2048K, 0% used [0x00000000ec080000,0x00000000ec080000,0x00000000ec280000)
 ParOldGen       total 64000K, used 1635K [0x00000000c1c00000, 0x00000000c5a80000, 0x00000000eb400000)
  object space 64000K, 2% used [0x00000000c1c00000,0x00000000c1d98f00,0x00000000c5a80000)
 Metaspace       used 14184K, capacity 14398K, committed 14592K, reserved 1060864K
  class space    used 2180K, capacity 2274K, committed 2304K, reserved 1048576K
Event: 1.046 GC heap after
Heap after GC invocations=10 (full 0):
 PSYoungGen      total 12288K, used 2034K [0x00000000eb400000, 0x00000000ec380000, 0x0000000100000000)
  eden space 10240K, 0% used [0x00000000eb400000,0x00000000eb400000,0x00000000ebe00000)
  from space 2048K, 99% used [0x00000000ec080000,0x00000000ec27ca80,0x00000000ec280000)
  to   space 2560K, 0% used [0x00000000ebe00000,0x00000000ebe00000,0x00000000ec080000)
 ParOldGen       total 64000K, used 2703K [0x00000000c1c00000, 0x00000000c5a80000, 0x00000000eb400000)
  object space 64000K, 4% used [0x00000000c1c00000,0x00000000c1ea3f40,0x00000000c5a80000)
 Metaspace       used 14184K, capacity 14398K, committed 14592K, reserved 1060864K
  class space    used 2180K, capacity 2274K, committed 2304K, reserved 1048576K
}

